[20:29:26][PluginLoader][INFO] No plugins found.
[20:29:26][ProcessManager][WARNING] Failed to read PIDs: pid-list.txt (The system cannot find the file specified)
[20:29:26][NATTCore][INFO] NATT CORE initialization done
Version: 1.7.0 
Configuration path: https://gitlab.com/ap5vs/test-config/im-server-config/-/raw/main/test-config-4.yaml?ref_type=heads
Configuration loading mode: FROM URL
[20:29:26][NATTCore][INFO] Working directory path: C:\Users\minks\Documents\UTB\ZS\AP5VS\ukol4\im-server-main
[20:29:26][NATTCore][INFO] Start loading of the configuration file ...
[20:29:27][NetworkIO][INFO] Yaml data has been loaded from network location (https://gitlab.com/ap5vs/test-config/im-server-config/-/raw/main/test-config-4.yaml?ref_type=heads)
[20:29:27][NATTCore][INFO] Configuration loading done
[20:29:27][NATTCore][INFO] Start building test structure according to the configuration ...
[20:29:27][NATTCore][INFO] Test structure ...
[20:29:27][NATTCore][INFO] Test structure building done
[20:29:27][NATTCore][INFO] Start test executing ...
[20:29:27][TestReportGenerator][INFO] Extenet reports generated. Final report will be saved to file: test_report.html
[20:29:27][NATTCore][INFO] Starts execution on the root keyword  ...
[20:29:27][MessageBuffer][INFO] Message buffer created for module with name: default
[20:29:27][ExternalProgramRunner][INFO] (default) Run external app with command: java -jar app/build/libs/app.jar 9999 10
[20:29:27][ProcessManager][INFO] New PID (452) added to file
[20:29:27][WaitKw][INFO] Waiting: 3000 ms
[20:29:27][MessageBuffer][INFO] Message added to buffer [ Mod: default | Tag:  ] Content: 'IM server listening on port 9999, maximum nr. of connections=10...'
[20:29:30][MessageBuffer][INFO] Message buffer created for module with name: client-1
[20:29:30][TelnetClient][INFO] (client-1) Telnet client connected to host with the address: 'localhost' on port '9999'
[20:29:30][MessageBuffer][INFO] Message buffer created for module with name: client-2
[20:29:30][TelnetClient][INFO] (client-2) Telnet client connected to host with the address: 'localhost' on port '9999'
[20:29:30][MessageBuffer][INFO] Message buffer created for module with name: client-3
[20:29:30][TelnetClient][INFO] (client-3) Telnet client connected to host with the address: 'localhost' on port '9999'
[20:29:30][WaitKw][INFO] Waiting: 2000 ms
[20:29:30][MessageBuffer][INFO] Message added to buffer [ Mod: client-3 | Tag:  ] Content: ''
[20:29:30][MessageBuffer][INFO] Message added to buffer [ Mod: client-2 | Tag:  ] Content: ''
[20:29:30][MessageBuffer][INFO] Message added to buffer [ Mod: client-1 | Tag:  ] Content: ''
[20:29:30][MessageBuffer][INFO] Message added to buffer [ Mod: client-3 | Tag:  ] Content: 'You are connected from /127.0.0.1:59721'
[20:29:30][MessageBuffer][INFO] Message added to buffer [ Mod: client-2 | Tag:  ] Content: 'You are connected from /127.0.0.1:59720'
[20:29:30][MessageBuffer][INFO] Message added to buffer [ Mod: client-1 | Tag:  ] Content: 'You are connected from /127.0.0.1:59719'
[20:29:32][TelnetClient][INFO] (client-1) Message send: Klient1
[20:29:32][TelnetClient][INFO] (client-2) Message send: Klient2
[20:29:32][TelnetClient][INFO] (client-3) Message send: Klient3
[20:29:32][WaitKw][INFO] Waiting: 800 ms
[20:29:32][MessageBuffer][INFO] Message added to buffer [ Mod: default | Tag:  ] Content: 'From client /127.0.0.1:59720: Klient2'
[20:29:32][MessageBuffer][INFO] Message added to buffer [ Mod: default | Tag:  ] Content: 'From client /127.0.0.1:59721: Klient3'
[20:29:32][MessageBuffer][INFO] Message added to buffer [ Mod: default | Tag:  ] Content: 'From client /127.0.0.1:59719: Klient1'
[20:29:32][MessageBuffer][INFO] Message added to buffer [ Mod: client-3 | Tag:  ] Content: 'From client /127.0.0.1:59720: Klient2'
[20:29:32][MessageBuffer][INFO] Message added to buffer [ Mod: client-2 | Tag:  ] Content: 'From client /127.0.0.1:59719: Klient1'
[20:29:32][MessageBuffer][INFO] Message added to buffer [ Mod: client-1 | Tag:  ] Content: 'From client /127.0.0.1:59720: Klient2'
[20:29:32][MessageBuffer][INFO] Message added to buffer [ Mod: client-3 | Tag:  ] Content: 'From client /127.0.0.1:59719: Klient1'
[20:29:32][MessageBuffer][INFO] Message added to buffer [ Mod: client-2 | Tag:  ] Content: 'From client /127.0.0.1:59721: Klient3'
[20:29:32][MessageBuffer][INFO] Message added to buffer [ Mod: client-1 | Tag:  ] Content: 'From client /127.0.0.1:59721: Klient3'
[20:29:33][TestSuiteKw][INFO] Test case 'Zaklaní test komunikace 1' starts executing now
[20:29:33][TelnetClient][INFO] (client-1) Message send: Hello, world!
[20:29:33][MessageBuffer][INFO] Message added to buffer [ Mod: default | Tag:  ] Content: 'From client /127.0.0.1:59719: Hello, world!'
[20:29:33][WaitKw][INFO] Waiting: 1000 ms
[20:29:33][MessageBuffer][INFO] Message added to buffer [ Mod: client-3 | Tag:  ] Content: 'From client /127.0.0.1:59719: Hello, world!'
[20:29:33][MessageBuffer][INFO] Message added to buffer [ Mod: client-2 | Tag:  ] Content: 'From client /127.0.0.1:59719: Hello, world!'
[20:29:34][AssertEqualsKw][WARNING] Assertion failed. True was expected as the result. Condition: (Value of variable 'From client /127.0.0.1:59719: Hello, world!' must contains expected text '[Klient1] >> Hello, world!')
[20:29:34][AssertEqualsKw][WARNING] Assertion failed. True was expected as the result. Condition: (Value of variable 'From client /127.0.0.1:59719: Hello, world!' must contains expected text '[Klient1] >> Hello, world!')
[20:29:34][TestSuiteKw][ERROR] Test suite 'Testování běžné komunikace' - Test case 'Zaklaní test komunikace 1' failed
[20:29:34][MessageBuffer][INFO] Message buffer cleared
[20:29:35][TestSuiteKw][INFO] Test case 'Zaklaní test komunikace 2' starts executing now
[20:29:35][TelnetClient][INFO] (client-1) Message send: Testing 123
[20:29:35][MessageBuffer][INFO] Message added to buffer [ Mod: default | Tag:  ] Content: 'From client /127.0.0.1:59719: Testing 123'
[20:29:35][MessageBuffer][INFO] Message added to buffer [ Mod: client-2 | Tag:  ] Content: 'From client /127.0.0.1:59719: Testing 123'
[20:29:35][MessageBuffer][INFO] Message added to buffer [ Mod: client-3 | Tag:  ] Content: 'From client /127.0.0.1:59719: Testing 123'
[20:29:35][TelnetClient][INFO] (client-2) Message send: 12345 - 67890
[20:29:35][MessageBuffer][INFO] Message added to buffer [ Mod: default | Tag:  ] Content: 'From client /127.0.0.1:59720: 12345 - 67890'
[20:29:35][MessageBuffer][INFO] Message added to buffer [ Mod: client-1 | Tag:  ] Content: 'From client /127.0.0.1:59720: 12345 - 67890'
[20:29:35][MessageBuffer][INFO] Message added to buffer [ Mod: client-3 | Tag:  ] Content: 'From client /127.0.0.1:59720: 12345 - 67890'
[20:29:35][TelnetClient][INFO] (client-3) Message send: This is a test message
[20:29:35][MessageBuffer][INFO] Message added to buffer [ Mod: default | Tag:  ] Content: 'From client /127.0.0.1:59721: This is a test message'
[20:29:35][MessageBuffer][INFO] Message added to buffer [ Mod: client-2 | Tag:  ] Content: 'From client /127.0.0.1:59721: This is a test message'
[20:29:35][MessageBuffer][INFO] Message added to buffer [ Mod: client-1 | Tag:  ] Content: 'From client /127.0.0.1:59721: This is a test message'
[20:29:35][WaitKw][INFO] Waiting: 1000 ms
[20:29:36][NATTContext][INFO] Data has been stored in to the variable 'var-1'. Data value: 
[20:29:36][AssertEqualsKw][WARNING] Assertion failed. True was expected as the result. Condition: (Value of variable '' must equals expected text '[Klient2] >> 12345 - 67890')
[20:29:36][NATTContext][INFO] Data has been stored in to the variable 'var-1'. Data value: 
[20:29:36][AssertEqualsKw][WARNING] Assertion failed. True was expected as the result. Condition: (Value of variable '' must contains expected text '[Klient3] >> This is a test message')
[20:29:36][NATTContext][INFO] Data has been stored in to the variable 'var-1'. Data value: 
[20:29:36][AssertEqualsKw][WARNING] Assertion failed. True was expected as the result. Condition: (Value of variable '' must contains expected text '[Klient1] >> Testing 123')
[20:29:36][TestSuiteKw][ERROR] Test suite 'Testování běžné komunikace' - Test case 'Zaklaní test komunikace 2' failed
[20:29:36][MessageBuffer][INFO] Message buffer cleared
[20:29:37][TestSuiteKw][INFO] Test case 'Test odeslání soukromé zprávy' starts executing now
[20:29:37][TelnetClient][INFO] (client-2) Message send: #sendPrivate Klient3 This is a private message
[20:29:37][WaitKw][INFO] Waiting: 1000 ms
[20:29:38][NATTContext][INFO] Data has been stored in to the variable 'var-1'. Data value: 
[20:29:38][NATTContext][INFO] Data has been stored in to the variable 'var-2'. Data value: 
[20:29:38][AssertEqualsKw][WARNING] Assertion failed. True was expected as the result. Condition: (Value of variable '' must contains expected text '[Klient2] >> This is a private message')
[20:29:38][TestSuiteKw][ERROR] Test suite 'Testování běžné komunikace' - Test case 'Test odeslání soukromé zprávy' failed
[20:29:38][MessageBuffer][INFO] Message buffer cleared
[20:29:38][MessageBuffer][INFO] Message buffer cleared
[20:29:38][TestSuiteKw][INFO] Test case 'Test vstoupení do diskuzní místnosti' starts executing now
[20:29:38][TelnetClient][INFO] (client-1) Message send: #join MyGroup1
[20:29:38][MessageBuffer][INFO] Message added to buffer [ Mod: default | Tag:  ] Content: 'From client /127.0.0.1:59719: #join MyGroup1'
[20:29:38][MessageBuffer][INFO] Message added to buffer [ Mod: client-3 | Tag:  ] Content: 'From client /127.0.0.1:59719: #join MyGroup1'
[20:29:38][TelnetClient][INFO] (client-2) Message send: #join MyGroup1
[20:29:38][WaitKw][INFO] Waiting: 1000 ms
[20:29:39][TelnetClient][INFO] (client-1) Message send: #groups
[20:29:39][WaitKw][INFO] Waiting: 1000 ms
[20:29:40][AssertEqualsKw][WARNING] Assertion failed. True was expected as the result. Condition: (Value of variable 'From client /127.0.0.1:59721: This is a test message' must contains expected text 'MyGroup1')
[20:29:40][TelnetClient][INFO] (client-1) Message send: #leave public
[20:29:40][TelnetClient][INFO] (client-2) Message send: #leave public
[20:29:40][WaitKw][INFO] Waiting: 1000 ms
[20:29:41][TelnetClient][INFO] (client-1) Message send: #groups
[20:29:41][WaitKw][INFO] Waiting: 1000 ms
[20:29:42][TestSuiteKw][ERROR] Test suite 'Testování diskuzních místností' - Test case 'Test vstoupení do diskuzní místnosti' failed
[20:29:42][MessageBuffer][INFO] Message buffer cleared
[20:29:43][TestSuiteKw][INFO] Test case 'Test komunikace v diskuzní místnosti' starts executing now
[20:29:43][TelnetClient][INFO] (client-1) Message send: This is private message
[20:29:43][WaitKw][INFO] Waiting: 1000 ms
[20:29:44][AssertEqualsKw][WARNING] Assertion failed. True was expected as the result. Condition: (Value of variable 'From client /127.0.0.1:59721: This is a test message' must contains expected text 'This is private message')
[20:29:44][TelnetClient][INFO] (client-3) Message send: #join MyGroup1
[20:29:44][MessageBuffer][INFO] Message added to buffer [ Mod: default | Tag:  ] Content: 'From client /127.0.0.1:59721: #join MyGroup1'
[20:29:44][WaitKw][INFO] Waiting: 1000 ms
[20:29:45][TelnetClient][INFO] (client-1) Message send: This is private message
[20:29:45][WaitKw][INFO] Waiting: 1000 ms
[20:29:46][AssertEqualsKw][WARNING] Assertion failed. True was expected as the result. Condition: (Value of variable 'From client /127.0.0.1:59719: #join MyGroup1' must contains expected text 'This is private message')
[20:29:46][TestSuiteKw][ERROR] Test suite 'Testování diskuzních místností' - Test case 'Test komunikace v diskuzní místnosti' failed
[20:29:46][MessageBuffer][INFO] Message buffer cleared
[20:29:47][MessageBuffer][INFO] Message buffer cleared
[20:29:47][TestSuiteKw][INFO] Test case 'Test změny jména' starts executing now
[20:29:47][TelnetClient][INFO] (client-1) Message send: #setMyName NoveJmeno1
[20:29:47][WaitKw][INFO] Waiting: 1000 ms
[20:29:48][TelnetClient][INFO] (client-1) Message send: This is new message
[20:29:48][WaitKw][INFO] Waiting: 1000 ms
[20:29:49][AssertEqualsKw][WARNING] Assertion failed. True was expected as the result. Condition: (Value of variable 'From client /127.0.0.1:59721: This is a test message' must contains expected text '[NoveJmeno1] >> This is new message')
[20:29:49][TestSuiteKw][ERROR] Test suite 'Testování příkazu pro změnů jména' - Test case 'Test změny jména' failed
[20:29:49][MessageBuffer][INFO] Message buffer cleared
[20:29:49][TestSuiteKw][INFO] Test case 'Test změny na neunikátní jméno' starts executing now
[20:29:49][TelnetClient][INFO] (client-1) Message send: #setMyName Klient2
[20:29:49][WaitKw][INFO] Waiting: 1000 ms
[20:29:50][TelnetClient][INFO] (client-1) Message send: This is new message
[20:29:50][WaitKw][INFO] Waiting: 1000 ms
[20:29:51][AssertEqualsKw][WARNING] Assertion failed. True was expected as the result. Condition: (Value of variable 'From client /127.0.0.1:59721: This is a test message' must contains expected text '[NoveJmeno1] >> This is new message')
[20:29:51][TestSuiteKw][ERROR] Test suite 'Testování příkazu pro změnů jména' - Test case 'Test změny na neunikátní jméno' failed
[20:29:52][MessageBuffer][INFO] Message buffer cleared
[20:29:52][MessageBuffer][INFO] Message buffer cleared
[20:29:52][MessageBuffer][INFO] Message buffer cleared
[20:29:52][ExternalProgramRunner][INFO] (default) Termiting external application
[20:29:52][TelnetClient][WARNING] (client-3) Connection closed
[20:29:52][TelnetClient][WARNING] (client-2) Connection closed
[20:29:52][TelnetClient][WARNING] (client-1) Connection closed
[20:29:52][ProcessManager][INFO] PID (452) removed from file
[20:29:52][TelnetClient][INFO] (client-1) Telnet client [client-1] terminated
[20:29:52][ProcessManager][INFO] PID (452) removed from file
[20:29:52][TelnetClient][INFO] (client-2) Telnet client [client-2] terminated
[20:29:52][TelnetClient][INFO] (client-3) Telnet client [client-3] terminated
[20:29:52][NATTCore][INFO] Test executing finished
[20:29:52][NATTCore][INFO] Start generating test report
[20:29:52][ExternalProgramRunner][WARNING] (default) External application ends with error: 1
[20:29:52][ExternalProgramRunner][WARNING] (default) Error message from external application: DBG>Input handler starting for /127.0.0.1:59721
DBG>Input handler starting for /127.0.0.1:59719
DBG>Output handler starting for /127.0.0.1:59719
DBG>Input handler starting for /127.0.0.1:59720
DBG>Output handler starting for /127.0.0.1:59720
DBG>Output handler starting for /127.0.0.1:59721
DBG>Output handler running for /127.0.0.1:59719
DBG>Input handler running for /127.0.0.1:59720
DBG>Input handler running for /127.0.0.1:59719
DBG>Output handler running for /127.0.0.1:59721
DBG>Output handler running for /127.0.0.1:59720
DBG>Input handler running for /127.0.0.1:59721
DBG>Message sent to /127.0.0.1:59721:From client /127.0.0.1:59720: Klient2

DBG>Message sent to /127.0.0.1:59719:From client /127.0.0.1:59720: Klient2

DBG>Message sent to /127.0.0.1:59721:From client /127.0.0.1:59719: Klient1

DBG>Message sent to /127.0.0.1:59720:From client /127.0.0.1:59719: Klient1

DBG>Message sent to /127.0.0.1:59719:From client /127.0.0.1:59721: Klient3

DBG>Message sent to /127.0.0.1:59720:From client /127.0.0.1:59721: Klient3

DBG>Message sent to /127.0.0.1:59721:From client /127.0.0.1:59719: Hello, world!

DBG>Message sent to /127.0.0.1:59720:From client /127.0.0.1:59719: Hello, world!

DBG>Message sent to /127.0.0.1:59721:From client /127.0.0.1:59719: Testing 123

DBG>Message sent to /127.0.0.1:59720:From client /127.0.0.1:59719: Testing 123

DBG>Message sent to /127.0.0.1:59721:From client /127.0.0.1:59720: 12345 - 67890

DBG>Message sent to /127.0.0.1:59719:From client /127.0.0.1:59720: 12345 - 67890

DBG>Message sent to /127.0.0.1:59720:From client /127.0.0.1:59721: This is a test message

DBG>Message sent to /127.0.0.1:59719:From client /127.0.0.1:59721: This is a test message

Exception in thread "pool-1-thread-3" java.lang.NullPointerException: Cannot invoke "String.equals(Object)" because "handler.username" is null
	at utb.fai.ActiveHandlers.sendPrivateMessage(ActiveHandlers.java:35)
	at utb.fai.SocketHandler$InputHandler.run(SocketHandler.java:119)
	at java.base/java.util.concurrent.ThreadPoolExecutor.runWorker(ThreadPoolExecutor.java:1090)
	at java.base/java.util.concurrent.ThreadPoolExecutor$Worker.run(ThreadPoolExecutor.java:614)
	at java.base/java.lang.Thread.run(Thread.java:1474)
DBG>Message sent to /127.0.0.1:59721:From client /127.0.0.1:59719: #join MyGroup1

Exception in thread "pool-1-thread-1" java.lang.NullPointerException: Cannot invoke "String.equals(Object)" because "handler.username" is null
	at utb.fai.ActiveHandlers.sendPrivateMessage(ActiveHandlers.java:35)
	at utb.fai.SocketHandler$InputHandler.run(SocketHandler.java:123)
	at java.base/java.util.concurrent.ThreadPoolExecutor.runWorker(ThreadPoolExecutor.java:1090)
	at java.base/java.util.concurrent.ThreadPoolExecutor$Worker.run(ThreadPoolExecutor.java:614)
	at java.base/java.lang.Thread.run(Thread.java:1474)

[20:29:52][TestReportGenerator][INFO] Report saved to file
[20:29:52][NATTCore][WARNING] Failed test cases: "Zaklaní test komunikace 1", "Zaklaní test komunikace 2", "Test odeslání soukromé zprávy", "Test vstoupení do diskuzní místnosti", "Test komunikace v diskuzní místnosti", "Test změny jména", "Test změny na neunikátní jméno"
[20:29:52][NATTCore][INFO] Final score: 0.000000
[20:29:52][NATTCore][ERROR] Testing done. Leaving status: FAILED
