[20:50:57][PluginLoader][INFO] No plugins found.
[20:50:57][NATTCore][INFO] NATT CORE initialization done
Version: 1.7.0 
Configuration path: https://gitlab.com/ap5vs/test-config/im-server-config/-/raw/main/test-config-4.yaml?ref_type=heads
Configuration loading mode: FROM URL
[20:50:57][NATTCore][INFO] Working directory path: C:\Users\minks\Documents\UTB\ZS\AP5VS\ukol4\im-server-main
[20:50:57][NATTCore][INFO] Start loading of the configuration file ...
[20:50:57][NetworkIO][INFO] Yaml data has been loaded from network location (https://gitlab.com/ap5vs/test-config/im-server-config/-/raw/main/test-config-4.yaml?ref_type=heads)
[20:50:57][NATTCore][INFO] Configuration loading done
[20:50:57][NATTCore][INFO] Start building test structure according to the configuration ...
[20:50:58][NATTCore][INFO] Test structure ...
[20:50:58][NATTCore][INFO] Test structure building done
[20:50:58][NATTCore][INFO] Start test executing ...
[20:50:58][TestReportGenerator][INFO] Extenet reports generated. Final report will be saved to file: test_report.html
[20:50:58][NATTCore][INFO] Starts execution on the root keyword  ...
[20:50:58][MessageBuffer][INFO] Message buffer created for module with name: default
[20:50:58][ExternalProgramRunner][INFO] (default) Run external app with command: java -jar app/build/libs/app.jar 9999 10
[20:50:58][ProcessManager][INFO] New PID (10280) added to file
[20:50:58][WaitKw][INFO] Waiting: 3000 ms
[20:50:58][MessageBuffer][INFO] Message added to buffer [ Mod: default | Tag:  ] Content: 'IM server listening on port 9999, maximum nr. of connections=10...'
[20:51:01][MessageBuffer][INFO] Message buffer created for module with name: client-1
[20:51:01][TelnetClient][INFO] (client-1) Telnet client connected to host with the address: 'localhost' on port '9999'
[20:51:01][MessageBuffer][INFO] Message buffer created for module with name: client-2
[20:51:01][TelnetClient][INFO] (client-2) Telnet client connected to host with the address: 'localhost' on port '9999'
[20:51:01][MessageBuffer][INFO] Message buffer created for module with name: client-3
[20:51:01][TelnetClient][INFO] (client-3) Telnet client connected to host with the address: 'localhost' on port '9999'
[20:51:01][WaitKw][INFO] Waiting: 2000 ms
[20:51:01][MessageBuffer][INFO] Message added to buffer [ Mod: client-2 | Tag:  ] Content: ''
[20:51:01][MessageBuffer][INFO] Message added to buffer [ Mod: client-1 | Tag:  ] Content: ''
[20:51:01][MessageBuffer][INFO] Message added to buffer [ Mod: client-3 | Tag:  ] Content: ''
[20:51:01][MessageBuffer][INFO] Message added to buffer [ Mod: client-2 | Tag:  ] Content: 'You are connected from /127.0.0.1:54469'
[20:51:01][MessageBuffer][INFO] Message added to buffer [ Mod: client-1 | Tag:  ] Content: 'You are connected from /127.0.0.1:54468'
[20:51:01][MessageBuffer][INFO] Message added to buffer [ Mod: client-3 | Tag:  ] Content: 'You are connected from /127.0.0.1:54470'
[20:51:03][TelnetClient][INFO] (client-1) Message send: Klient1
[20:51:03][TelnetClient][INFO] (client-2) Message send: Klient2
[20:51:03][TelnetClient][INFO] (client-3) Message send: Klient3
[20:51:03][WaitKw][INFO] Waiting: 800 ms
[20:51:03][MessageBuffer][INFO] Message added to buffer [ Mod: default | Tag:  ] Content: 'From client /127.0.0.1:54468: Klient1'
[20:51:03][MessageBuffer][INFO] Message added to buffer [ Mod: default | Tag:  ] Content: 'From client /127.0.0.1:54469: Klient2'
[20:51:03][MessageBuffer][INFO] Message added to buffer [ Mod: default | Tag:  ] Content: 'From client /127.0.0.1:54470: Klient3'
[20:51:03][MessageBuffer][INFO] Message added to buffer [ Mod: client-3 | Tag:  ] Content: 'From client /127.0.0.1:54468: Klient1'
[20:51:03][MessageBuffer][INFO] Message added to buffer [ Mod: client-2 | Tag:  ] Content: 'From client /127.0.0.1:54468: Klient1'
[20:51:03][MessageBuffer][INFO] Message added to buffer [ Mod: client-1 | Tag:  ] Content: 'From client /127.0.0.1:54469: Klient2'
[20:51:03][MessageBuffer][INFO] Message added to buffer [ Mod: client-3 | Tag:  ] Content: 'From client /127.0.0.1:54469: Klient2'
[20:51:03][MessageBuffer][INFO] Message added to buffer [ Mod: client-2 | Tag:  ] Content: 'From client /127.0.0.1:54470: Klient3'
[20:51:03][MessageBuffer][INFO] Message added to buffer [ Mod: client-1 | Tag:  ] Content: 'From client /127.0.0.1:54470: Klient3'
[20:51:04][TestSuiteKw][INFO] Test case 'Zaklaní test komunikace 1' starts executing now
[20:51:04][TelnetClient][INFO] (client-1) Message send: Hello, world!
[20:51:04][MessageBuffer][INFO] Message added to buffer [ Mod: default | Tag:  ] Content: 'From client /127.0.0.1:54468: Hello, world!'
[20:51:04][WaitKw][INFO] Waiting: 1000 ms
[20:51:04][MessageBuffer][INFO] Message added to buffer [ Mod: client-2 | Tag:  ] Content: 'From client /127.0.0.1:54468: Hello, world!'
[20:51:04][MessageBuffer][INFO] Message added to buffer [ Mod: client-3 | Tag:  ] Content: 'From client /127.0.0.1:54468: Hello, world!'
[20:51:05][AssertEqualsKw][WARNING] Assertion failed. True was expected as the result. Condition: (Value of variable 'From client /127.0.0.1:54468: Hello, world!' must contains expected text '[Klient1] >> Hello, world!')
[20:51:05][AssertEqualsKw][WARNING] Assertion failed. True was expected as the result. Condition: (Value of variable 'From client /127.0.0.1:54468: Hello, world!' must contains expected text '[Klient1] >> Hello, world!')
[20:51:05][TestSuiteKw][ERROR] Test suite 'Testování běžné komunikace' - Test case 'Zaklaní test komunikace 1' failed
[20:51:05][MessageBuffer][INFO] Message buffer cleared
[20:51:05][TestSuiteKw][INFO] Test case 'Zaklaní test komunikace 2' starts executing now
[20:51:05][TelnetClient][INFO] (client-1) Message send: Testing 123
[20:51:05][MessageBuffer][INFO] Message added to buffer [ Mod: default | Tag:  ] Content: 'From client /127.0.0.1:54468: Testing 123'
[20:51:05][MessageBuffer][INFO] Message added to buffer [ Mod: client-3 | Tag:  ] Content: 'From client /127.0.0.1:54468: Testing 123'
[20:51:05][MessageBuffer][INFO] Message added to buffer [ Mod: client-2 | Tag:  ] Content: 'From client /127.0.0.1:54468: Testing 123'
[20:51:05][TelnetClient][INFO] (client-2) Message send: 12345 - 67890
[20:51:05][MessageBuffer][INFO] Message added to buffer [ Mod: default | Tag:  ] Content: 'From client /127.0.0.1:54469: 12345 - 67890'
[20:51:05][MessageBuffer][INFO] Message added to buffer [ Mod: client-3 | Tag:  ] Content: 'From client /127.0.0.1:54469: 12345 - 67890'
[20:51:05][MessageBuffer][INFO] Message added to buffer [ Mod: client-1 | Tag:  ] Content: 'From client /127.0.0.1:54469: 12345 - 67890'
[20:51:05][TelnetClient][INFO] (client-3) Message send: This is a test message
[20:51:05][MessageBuffer][INFO] Message added to buffer [ Mod: default | Tag:  ] Content: 'From client /127.0.0.1:54470: This is a test message'
[20:51:05][WaitKw][INFO] Waiting: 1000 ms
[20:51:05][MessageBuffer][INFO] Message added to buffer [ Mod: client-2 | Tag:  ] Content: 'From client /127.0.0.1:54470: This is a test message'
[20:51:05][MessageBuffer][INFO] Message added to buffer [ Mod: client-1 | Tag:  ] Content: 'From client /127.0.0.1:54470: This is a test message'
[20:51:06][NATTContext][INFO] Data has been stored in to the variable 'var-1'. Data value: 
[20:51:06][AssertEqualsKw][WARNING] Assertion failed. True was expected as the result. Condition: (Value of variable '' must equals expected text '[Klient2] >> 12345 - 67890')
[20:51:06][NATTContext][INFO] Data has been stored in to the variable 'var-1'. Data value: 
[20:51:06][AssertEqualsKw][WARNING] Assertion failed. True was expected as the result. Condition: (Value of variable '' must contains expected text '[Klient3] >> This is a test message')
[20:51:06][NATTContext][INFO] Data has been stored in to the variable 'var-1'. Data value: 
[20:51:06][AssertEqualsKw][WARNING] Assertion failed. True was expected as the result. Condition: (Value of variable '' must contains expected text '[Klient1] >> Testing 123')
[20:51:06][TestSuiteKw][ERROR] Test suite 'Testování běžné komunikace' - Test case 'Zaklaní test komunikace 2' failed
[20:51:06][MessageBuffer][INFO] Message buffer cleared
[20:51:07][TestSuiteKw][INFO] Test case 'Test odeslání soukromé zprávy' starts executing now
[20:51:07][TelnetClient][INFO] (client-2) Message send: #sendPrivate Klient3 This is a private message
[20:51:07][WaitKw][INFO] Waiting: 1000 ms
[20:51:08][NATTContext][INFO] Data has been stored in to the variable 'var-1'. Data value: 
[20:51:08][NATTContext][INFO] Data has been stored in to the variable 'var-2'. Data value: 
[20:51:08][AssertEqualsKw][WARNING] Assertion failed. True was expected as the result. Condition: (Value of variable '' must contains expected text '[Klient2] >> This is a private message')
[20:51:08][TestSuiteKw][ERROR] Test suite 'Testování běžné komunikace' - Test case 'Test odeslání soukromé zprávy' failed
[20:51:08][MessageBuffer][INFO] Message buffer cleared
[20:51:09][MessageBuffer][INFO] Message buffer cleared
[20:51:09][TestSuiteKw][INFO] Test case 'Test vstoupení do diskuzní místnosti' starts executing now
[20:51:09][TelnetClient][INFO] (client-1) Message send: #join MyGroup1
[20:51:09][MessageBuffer][INFO] Message added to buffer [ Mod: default | Tag:  ] Content: 'From client /127.0.0.1:54468: #join MyGroup1'
[20:51:09][MessageBuffer][INFO] Message added to buffer [ Mod: client-3 | Tag:  ] Content: 'From client /127.0.0.1:54468: #join MyGroup1'
[20:51:09][TelnetClient][INFO] (client-2) Message send: #join MyGroup1
[20:51:09][WaitKw][INFO] Waiting: 1000 ms
[20:51:10][TelnetClient][INFO] (client-1) Message send: #groups
[20:51:10][WaitKw][INFO] Waiting: 1000 ms
[20:51:11][AssertEqualsKw][WARNING] Assertion failed. True was expected as the result. Condition: (Value of variable 'From client /127.0.0.1:54470: This is a test message' must contains expected text 'MyGroup1')
[20:51:11][TelnetClient][INFO] (client-1) Message send: #leave public
[20:51:11][TelnetClient][INFO] (client-2) Message send: #leave public
[20:51:11][WaitKw][INFO] Waiting: 1000 ms
[20:51:12][TelnetClient][INFO] (client-1) Message send: #groups
[20:51:12][WaitKw][INFO] Waiting: 1000 ms
[20:51:13][TestSuiteKw][ERROR] Test suite 'Testování diskuzních místností' - Test case 'Test vstoupení do diskuzní místnosti' failed
[20:51:13][MessageBuffer][INFO] Message buffer cleared
[20:51:13][TestSuiteKw][INFO] Test case 'Test komunikace v diskuzní místnosti' starts executing now
[20:51:13][TelnetClient][INFO] (client-1) Message send: This is private message
[20:51:13][WaitKw][INFO] Waiting: 1000 ms
[20:51:14][AssertEqualsKw][WARNING] Assertion failed. True was expected as the result. Condition: (Value of variable 'From client /127.0.0.1:54470: This is a test message' must contains expected text 'This is private message')
[20:51:14][TelnetClient][INFO] (client-3) Message send: #join MyGroup1
[20:51:14][WaitKw][INFO] Waiting: 1000 ms
[20:51:14][MessageBuffer][INFO] Message added to buffer [ Mod: default | Tag:  ] Content: 'From client /127.0.0.1:54470: #join MyGroup1'
[20:51:15][TelnetClient][INFO] (client-1) Message send: This is private message
[20:51:15][WaitKw][INFO] Waiting: 1000 ms
[20:51:16][AssertEqualsKw][WARNING] Assertion failed. True was expected as the result. Condition: (Value of variable 'From client /127.0.0.1:54468: #join MyGroup1' must contains expected text 'This is private message')
[20:51:16][TestSuiteKw][ERROR] Test suite 'Testování diskuzních místností' - Test case 'Test komunikace v diskuzní místnosti' failed
[20:51:17][MessageBuffer][INFO] Message buffer cleared
[20:51:17][MessageBuffer][INFO] Message buffer cleared
[20:51:17][TestSuiteKw][INFO] Test case 'Test změny jména' starts executing now
[20:51:17][TelnetClient][INFO] (client-1) Message send: #setMyName NoveJmeno1
[20:51:17][WaitKw][INFO] Waiting: 1000 ms
[20:51:18][TelnetClient][INFO] (client-1) Message send: This is new message
[20:51:18][WaitKw][INFO] Waiting: 1000 ms
[20:51:19][AssertEqualsKw][WARNING] Assertion failed. True was expected as the result. Condition: (Value of variable 'From client /127.0.0.1:54470: This is a test message' must contains expected text '[NoveJmeno1] >> This is new message')
[20:51:19][TestSuiteKw][ERROR] Test suite 'Testování příkazu pro změnů jména' - Test case 'Test změny jména' failed
[20:51:19][MessageBuffer][INFO] Message buffer cleared
[20:51:20][TestSuiteKw][INFO] Test case 'Test změny na neunikátní jméno' starts executing now
[20:51:20][TelnetClient][INFO] (client-1) Message send: #setMyName Klient2
[20:51:20][WaitKw][INFO] Waiting: 1000 ms
[20:51:21][TelnetClient][INFO] (client-1) Message send: This is new message
[20:51:21][WaitKw][INFO] Waiting: 1000 ms
[20:51:22][AssertEqualsKw][WARNING] Assertion failed. True was expected as the result. Condition: (Value of variable 'From client /127.0.0.1:54470: This is a test message' must contains expected text '[NoveJmeno1] >> This is new message')
[20:51:22][TestSuiteKw][ERROR] Test suite 'Testování příkazu pro změnů jména' - Test case 'Test změny na neunikátní jméno' failed
[20:51:22][MessageBuffer][INFO] Message buffer cleared
[20:51:23][MessageBuffer][INFO] Message buffer cleared
[20:51:23][MessageBuffer][INFO] Message buffer cleared
[20:51:23][ExternalProgramRunner][INFO] (default) Termiting external application
[20:51:23][TelnetClient][WARNING] (client-3) Connection closed
[20:51:23][TelnetClient][WARNING] (client-1) Connection closed
[20:51:23][TelnetClient][WARNING] (client-2) Connection closed
[20:51:23][ProcessManager][INFO] PID (10280) removed from file
[20:51:23][ProcessManager][INFO] PID (10280) removed from file
[20:51:23][TelnetClient][INFO] (client-1) Telnet client [client-1] terminated
[20:51:23][TelnetClient][INFO] (client-2) Telnet client [client-2] terminated
[20:51:23][TelnetClient][INFO] (client-3) Telnet client [client-3] terminated
[20:51:23][NATTCore][INFO] Test executing finished
[20:51:23][NATTCore][INFO] Start generating test report
[20:51:23][ExternalProgramRunner][WARNING] (default) External application ends with error: 1
[20:51:23][ExternalProgramRunner][WARNING] (default) Error message from external application: DBG>Output handler starting for /127.0.0.1:54469
DBG>Input handler starting for /127.0.0.1:54468
DBG>Input handler starting for /127.0.0.1:54469
DBG>Output handler starting for /127.0.0.1:54468
DBG>Output handler starting for /127.0.0.1:54470
DBG>Input handler starting for /127.0.0.1:54470
DBG>Output handler running for /127.0.0.1:54468
DBG>Input handler running for /127.0.0.1:54469
DBG>Output handler running for /127.0.0.1:54469
DBG>Input handler running for /127.0.0.1:54468
DBG>Input handler running for /127.0.0.1:54470
DBG>Output handler running for /127.0.0.1:54470
DBG>Message sent to /127.0.0.1:54470:From client /127.0.0.1:54468: Klient1

DBG>Message sent to /127.0.0.1:54469:From client /127.0.0.1:54468: Klient1

DBG>Message sent to /127.0.0.1:54468:From client /127.0.0.1:54469: Klient2

DBG>Message sent to /127.0.0.1:54470:From client /127.0.0.1:54469: Klient2

DBG>Message sent to /127.0.0.1:54469:From client /127.0.0.1:54470: Klient3

DBG>Message sent to /127.0.0.1:54468:From client /127.0.0.1:54470: Klient3

DBG>Message sent to /127.0.0.1:54470:From client /127.0.0.1:54468: Hello, world!

DBG>Message sent to /127.0.0.1:54469:From client /127.0.0.1:54468: Hello, world!

DBG>Message sent to /127.0.0.1:54469:From client /127.0.0.1:54468: Testing 123

DBG>Message sent to /127.0.0.1:54470:From client /127.0.0.1:54468: Testing 123

DBG>Message sent to /127.0.0.1:54470:From client /127.0.0.1:54469: 12345 - 67890

DBG>Message sent to /127.0.0.1:54468:From client /127.0.0.1:54469: 12345 - 67890

DBG>Message sent to /127.0.0.1:54468:From client /127.0.0.1:54470: This is a test message

DBG>Message sent to /127.0.0.1:54469:From client /127.0.0.1:54470: This is a test message

Exception in thread "pool-1-thread-3" java.lang.NullPointerException: Cannot invoke "String.equals(Object)" because "handler.username" is null
	at utb.fai.ActiveHandlers.sendPrivateMessage(ActiveHandlers.java:35)
	at utb.fai.SocketHandler$InputHandler.run(SocketHandler.java:119)
	at java.base/java.util.concurrent.ThreadPoolExecutor.runWorker(ThreadPoolExecutor.java:1090)
	at java.base/java.util.concurrent.ThreadPoolExecutor$Worker.run(ThreadPoolExecutor.java:614)
	at java.base/java.lang.Thread.run(Thread.java:1474)
DBG>Message sent to /127.0.0.1:54470:From client /127.0.0.1:54468: #join MyGroup1

Exception in thread "pool-1-thread-1" java.lang.NullPointerException: Cannot invoke "String.equals(Object)" because "handler.username" is null
	at utb.fai.ActiveHandlers.sendPrivateMessage(ActiveHandlers.java:35)
	at utb.fai.SocketHandler$InputHandler.run(SocketHandler.java:123)
	at java.base/java.util.concurrent.ThreadPoolExecutor.runWorker(ThreadPoolExecutor.java:1090)
	at java.base/java.util.concurrent.ThreadPoolExecutor$Worker.run(ThreadPoolExecutor.java:614)
	at java.base/java.lang.Thread.run(Thread.java:1474)

[20:51:23][TestReportGenerator][INFO] Report saved to file
[20:51:23][NATTCore][WARNING] Failed test cases: "Zaklaní test komunikace 1", "Zaklaní test komunikace 2", "Test odeslání soukromé zprávy", "Test vstoupení do diskuzní místnosti", "Test komunikace v diskuzní místnosti", "Test změny jména", "Test změny na neunikátní jméno"
[20:51:23][NATTCore][INFO] Final score: 0.000000
[20:51:23][NATTCore][ERROR] Testing done. Leaving status: FAILED
